<?xml version="1.0" encoding="UTF-8"?>
<beans xmlns="http://www.springframework.org/schema/beans"
       xmlns:xsi="http://www.w3.org/2001/XMLSchema-instance"
       xmlns:context="http://www.springframework.org/schema/context"
       xsi:schemaLocation="http://www.springframework.org/schema/beans
    http://www.springframework.org/schema/beans/spring-beans.xsd http://www.springframework.org/schema/context https://www.springframework.org/schema/context/spring-context.xsd">

    <context:property-placeholder location="classpath*:configDB.properties"/>
    <context:component-scan base-package="com.getjavajob.training.okhanzhin.socialnetwork.dao"/>

    <bean id="dataSource" class="org.apache.commons.dbcp2.BasicDataSource">
        <property name="driverClassName" value="${database.driver}"/>
        <property name="url" value="${database.url}"/>
        <property name="username" value="${database.user}"/>
        <property name="password" value="${database.password}"/>
    </bean>
</beans>